Sat Dec  5 12:18:32 EST 2020
/data/nil-bluearc/ances_prod/Pipelines/UNPv2/SCRIPTS/lin64-tools/mpr2atl_4dfp MNI152_T1_1mm_brain 711-2B
$Id: mpr2atl_4dfp,v 1.27 2014/02/16 02:46:17 avi Exp $
mprdir = /data/nil-bluearc/ances_prod/Pipelines/UNPv2/SCRIPTS/Parcellation/AncesBigBrain298
$Id: imgreg_4dfp.c,v 1.15 2007/08/10 03:27:30 avi Exp $
/data/nil-bluearc/ances_prod/Pipelines/UNPv2/ATLAS/REFDIR/711-2B.4dfp.img
       176       208       176         1
  1.000000  1.000000  1.000000
orientation T byte_order bigendian
Reading image: /data/nil-bluearc/ances_prod/Pipelines/UNPv2/ATLAS/REFDIR/711-2B.4dfp.img
dimensions:      176       208       176
mmppix:       1.0000   -1.0000   -1.0000
center:      89.0000  -85.0000 -101.0000
MNI152_T1_1mm_brain_g11.4dfp.img
       182       218       182         1
  1.000000  1.000000  1.000000
orientation T byte_order littleendian
Reading image: MNI152_T1_1mm_brain_g11.4dfp.img
dimensions:      182       218       182
mmppix:       1.0000   -1.0000   -1.0000
center:      92.0000  -92.0000 -110.0000
MNI152_T1_1mm_brain_mskz.4dfp.img
       182       218       182         1
  1.000000  1.000000  1.000000
orientation T byte_order littleendian
Reading mask: MNI152_T1_1mm_brain_mskz.4dfp.img (1827095 pixels)
rotation matrix determinant  1.000000
$Id: fimgreg.f,v 1.20 2012/06/05 01:57:11 avi Exp $
image alignment mode   1283 decimal      503 hex
parameters
    0.0000    0.0000    0.0000    0.0000    0.0000    0.0000
eta,q 0.97851  0.15094
niter,ni,del,rscale     5    3   12.0000    1.2000
parameter  2 -0.803277 -> -0.500000 qaram    1.1500
parameters
    0.1790    3.4500    1.9409   -2.2224   -1.9321   -1.2491
eta,q 0.97891  0.15179
  0.0296  0.0283  0.0301  0.0184  0.0187  0.0198
  0.0253  0.0250  0.0250  0.0180  0.0185  0.0185
  0.0214  0.0226  0.0198  0.0181  0.0181  0.0182
  0.0203  0.0203  0.0172  0.0177  0.0182  0.0181
  0.0215  0.0191  0.0177  0.0187  0.0186  0.0188
  0.0244  0.0176  0.0187  0.0202  0.0198  0.0203
  0.0285  0.0188  0.0201  0.0229  0.0201  0.0222
niter,ni,del,rscale     5    3   12.0000    1.2000
parameter  2  0.546761 ->  0.500000 qaram    1.3225
parameters
    0.3806   -0.5175    0.9621   -1.4450    0.1523   -0.5543
eta,q 0.97900  0.15142
  0.0290  0.0204  0.0225  0.0201  0.0236  0.0240
  0.0249  0.0181  0.0188  0.0193  0.0214  0.0214
  0.0215  0.0187  0.0184  0.0188  0.0194  0.0191
  0.0211  0.0207  0.0184  0.0184  0.0187  0.0178
  0.0210  0.0217  0.0197  0.0183  0.0178  0.0177
  0.0241  0.0242  0.0223  0.0187  0.0189  0.0192
  0.0281  0.0266  0.0253  0.0195  0.0193  0.0221
niter,ni,del,rscale     5    3   12.0000    1.2000
parameter  2 -0.586442 -> -0.500000 qaram    1.5209
parameter  4  0.578555 ->  0.500000 qaram    1.1500
parameters
    0.4050    4.0451    0.8241   -4.8950   -0.3962   -0.3796
eta,q 0.98064  0.15145
  0.0282  0.0318  0.0243  0.0178  0.0198  0.0220
  0.0243  0.0284  0.0208  0.0171  0.0191  0.0194
  0.0209  0.0239  0.0173  0.0178  0.0172  0.0185
  0.0210  0.0210  0.0182  0.0182  0.0172  0.0180
  0.0207  0.0177  0.0203  0.0186  0.0183  0.0182
  0.0240  0.0184  0.0216  0.0209  0.0193  0.0192
  0.0283  0.0203  0.0236  0.0226  0.0212  0.0215
niter,ni,del,rscale     6    3   12.0000    1.2000
parameters
    0.2016    1.2583    0.2160   -3.0759   -0.2854   -0.2972
eta,q 0.98130  0.15118
  0.0272  0.0216  0.0222  0.0186  0.0210  0.0224
  0.0233  0.0179  0.0198  0.0181  0.0191  0.0195
  0.0190  0.0174  0.0178  0.0177  0.0177  0.0182
  0.0194  0.0193  0.0175  0.0168  0.0175  0.0175
  0.0202  0.0205  0.0187  0.0173  0.0171  0.0181
  0.0238  0.0243  0.0217  0.0169  0.0189  0.0198
  0.0283  0.0296  0.0242  0.0178  0.0209  0.0219
niter,ni,del,rscale     5    3   12.0000    1.2000
parameters
    0.0566    2.7659    1.1400   -3.5091   -0.4401   -0.7624
eta,q 0.98020  0.15188
  0.0272  0.0278  0.0270  0.0194  0.0205  0.0214
  0.0227  0.0245  0.0220  0.0181  0.0193  0.0191
  0.0194  0.0202  0.0191  0.0186  0.0185  0.0185
  0.0187  0.0186  0.0187  0.0182  0.0182  0.0182
  0.0193  0.0174  0.0185  0.0181  0.0189  0.0185
  0.0232  0.0194  0.0200  0.0183  0.0190  0.0201
  0.0283  0.0242  0.0224  0.0201  0.0210  0.0226
niter,ni,del,rscale     4    3   12.0000    1.2000
parameters
    0.5043    1.4103    0.8511   -3.2777    0.2944   -0.9024
eta,q 0.98085  0.15157
  0.0293  0.0234  0.0240  0.0194  0.0218  0.0229
  0.0245  0.0198  0.0210  0.0192  0.0202  0.0204
  0.0208  0.0181  0.0179  0.0175  0.0188  0.0193
  0.0198  0.0193  0.0188  0.0186  0.0187  0.0188
  0.0198  0.0192  0.0195  0.0184  0.0178  0.0191
  0.0230  0.0227  0.0220  0.0182  0.0191  0.0208
  0.0268  0.0276  0.0245  0.0195  0.0206  0.0234
niter,ni,del,rscale     3    3   12.0000    1.2000
parameters
    0.3877    2.4487    0.9641   -4.4600    0.0333   -1.2069
eta,q 0.98004  0.15180
  0.0272  0.0274  0.0246  0.0192  0.0207  0.0224
  0.0229  0.0233  0.0213  0.0184  0.0193  0.0201
  0.0199  0.0196  0.0186  0.0181  0.0185  0.0197
  0.0191  0.0191  0.0192  0.0191  0.0193  0.0192
  0.0200  0.0177  0.0194  0.0185  0.0184  0.0197
  0.0234  0.0199  0.0214  0.0186  0.0197  0.0209
  0.0279  0.0248  0.0236  0.0199  0.0211  0.0229
niter,ni,del,rscale     2    3   12.0000    1.2000
parameters
    0.6365    1.9725    0.6713   -3.5099    0.1672   -0.5555
eta,q 0.98067  0.15157
  0.0288  0.0252  0.0237  0.0200  0.0213  0.0238
  0.0238  0.0212  0.0210  0.0200  0.0198  0.0210
  0.0208  0.0190  0.0186  0.0183  0.0186  0.0201
  0.0200  0.0198  0.0196  0.0175  0.0190  0.0192
  0.0202  0.0200  0.0197  0.0185  0.0184  0.0188
  0.0228  0.0227  0.0221  0.0178  0.0197  0.0199
  0.0275  0.0260  0.0241  0.0198  0.0211  0.0223
niter,ni,del,rscale     1    3   12.0000    1.2000
parameters
    0.1835    2.3948    0.9710   -4.3579    0.0648   -1.0493
eta,q 0.98043  0.15167
  0.0268  0.0264  0.0252  0.0194  0.0208  0.0218
  0.0226  0.0224  0.0216  0.0185  0.0194  0.0200
  0.0200  0.0194  0.0189  0.0176  0.0185  0.0192
  0.0193  0.0193  0.0193  0.0190  0.0192  0.0192
  0.0206  0.0181  0.0192  0.0184  0.0185  0.0192
  0.0248  0.0205  0.0213  0.0186  0.0195  0.0208
  0.0291  0.0259  0.0235  0.0202  0.0210  0.0230
registration optimization eta report
parameter search radius
    6.0000    9.1252    6.0000    6.9000    6.0000    6.0000
100000*second partial in parameter space
       24.        9.       16.        3.        6.        9.
  0.0268  0.0264  0.0252  0.0194  0.0208  0.0218
  0.0226  0.0224  0.0216  0.0185  0.0194  0.0200
  0.0200  0.0194  0.0189  0.0176  0.0185  0.0192
  0.0193  0.0193  0.0193  0.0190  0.0192  0.0192
  0.0206  0.0181  0.0192  0.0184  0.0185  0.0192
  0.0248  0.0205  0.0213  0.0186  0.0195  0.0208
  0.0291  0.0259  0.0235  0.0202  0.0210  0.0230
    0.1835    2.3948    0.9710   -4.3579    0.0648   -1.0493
eta,q 0.98043  0.15167
$Id: imgreg_4dfp.c,v 1.15 2007/08/10 03:27:30 avi Exp $
/data/nil-bluearc/ances_prod/Pipelines/UNPv2/ATLAS/REFDIR/711-2B.4dfp.img
       176       208       176         1
  1.000000  1.000000  1.000000
orientation T byte_order bigendian
Reading image: /data/nil-bluearc/ances_prod/Pipelines/UNPv2/ATLAS/REFDIR/711-2B.4dfp.img
dimensions:      176       208       176
mmppix:       1.0000   -1.0000   -1.0000
center:      89.0000  -85.0000 -101.0000
MNI152_T1_1mm_brain_g11.4dfp.img
       182       218       182         1
  1.000000  1.000000  1.000000
orientation T byte_order littleendian
Reading image: MNI152_T1_1mm_brain_g11.4dfp.img
dimensions:      182       218       182
mmppix:       1.0000   -1.0000   -1.0000
center:      92.0000  -92.0000 -110.0000
MNI152_T1_1mm_brain_mskz.4dfp.img
       182       218       182         1
  1.000000  1.000000  1.000000
orientation T byte_order littleendian
Reading mask: MNI152_T1_1mm_brain_mskz.4dfp.img (1827095 pixels)
rotation matrix determinant  1.000000
$Id: fimgreg.f,v 1.20 2012/06/05 01:57:11 avi Exp $
image alignment mode   1283 decimal      503 hex
parameters
    0.1835    2.3948    0.9710   -4.3579    0.0648   -1.0493
eta,q 0.97954  0.15181
niter,ni,del,rscale     5    3   12.0000    1.2000
parameters
    0.5015    1.8422    0.7189   -2.9163    0.1463   -0.7124
eta,q 0.98070  0.15165
  0.0286  0.0209  0.0235  0.0192  0.0211  0.0233
  0.0238  0.0189  0.0210  0.0193  0.0196  0.0207
  0.0206  0.0184  0.0185  0.0179  0.0183  0.0195
  0.0196  0.0195  0.0188  0.0175  0.0188  0.0188
  0.0196  0.0192  0.0195  0.0188  0.0180  0.0191
  0.0225  0.0197  0.0220  0.0185  0.0194  0.0200
  0.0271  0.0213  0.0238  0.0183  0.0211  0.0224
niter,ni,del,rscale     4    3   12.0000    1.2000
parameters
    0.2539    3.0623    0.9015   -5.3655   -0.1810   -0.7862
eta,q 0.98129  0.15148
  0.0272  0.0226  0.0244  0.0186  0.0204  0.0215
  0.0228  0.0201  0.0218  0.0182  0.0194  0.0195
  0.0201  0.0187  0.0188  0.0178  0.0185  0.0182
  0.0193  0.0193  0.0190  0.0189  0.0180  0.0178
  0.0202  0.0184  0.0193  0.0188  0.0186  0.0180
  0.0236  0.0183  0.0213  0.0188  0.0196  0.0190
  0.0289  0.0203  0.0236  0.0203  0.0212  0.0222
niter,ni,del,rscale     3    3   12.0000    1.2000
parameter  4 -1.319226 -> -0.500000 qaram    1.1500
parameters
    0.5797    0.9766    0.2302   -1.9155   -0.2834   -0.4709
eta,q 0.98093  0.15113
  0.0283  0.0191  0.0220  0.0191  0.0209  0.0220
  0.0238  0.0178  0.0196  0.0183  0.0186  0.0197
  0.0193  0.0174  0.0185  0.0185  0.0175  0.0181
  0.0187  0.0186  0.0174  0.0174  0.0164  0.0164
  0.0186  0.0190  0.0188  0.0169  0.0172  0.0170
  0.0220  0.0206  0.0216  0.0166  0.0191  0.0190
  0.0267  0.0230  0.0243  0.0169  0.0211  0.0213
niter,ni,del,rscale     3    3   12.0000    1.2000
parameter  4  0.502914 ->  0.500000 qaram    1.3225
parameters
   -0.0052    3.4174    1.2261   -5.8830   -0.6354   -0.4502
eta,q 0.97987  0.15189
  0.0264  0.0248  0.0265  0.0182  0.0202  0.0218
  0.0223  0.0219  0.0230  0.0175  0.0194  0.0199
  0.0193  0.0198  0.0189  0.0189  0.0185  0.0186
  0.0191  0.0187  0.0183  0.0187  0.0187  0.0186
  0.0209  0.0188  0.0188  0.0182  0.0189  0.0186
  0.0249  0.0176  0.0201  0.0199  0.0195  0.0197
  0.0296  0.0196  0.0221  0.0219  0.0207  0.0218
niter,ni,del,rscale     3    3   12.0000    1.2000
parameter  2  0.525252 ->  0.500000 qaram    1.1500
parameter  4 -0.604582 -> -0.500000 qaram    1.5209
parameters
    0.3836   -0.0326    0.3584   -1.3203   -0.3573   -0.4451
eta,q 0.98070  0.15086
  0.0294  0.0191  0.0228  0.0223  0.0211  0.0225
  0.0247  0.0182  0.0196  0.0195  0.0190  0.0198
  0.0207  0.0183  0.0180  0.0189  0.0178  0.0181
  0.0201  0.0200  0.0184  0.0188  0.0171  0.0170
  0.0201  0.0197  0.0195  0.0175  0.0177  0.0182
  0.0227  0.0214  0.0227  0.0170  0.0183  0.0197
  0.0274  0.0238  0.0256  0.0178  0.0205  0.0225
niter,ni,del,rscale     4    3   12.0000    1.2000
parameter  2 -0.649088 -> -0.500000 qaram    1.3225
parameters
   -0.0073    3.9349    1.2040   -5.1497   -0.3512   -0.6904
eta,q 0.97931  0.15189
  0.0266  0.0279  0.0268  0.0188  0.0205  0.0213
  0.0228  0.0254  0.0228  0.0178  0.0193  0.0201
  0.0199  0.0220  0.0184  0.0190  0.0185  0.0193
  0.0193  0.0190  0.0170  0.0184  0.0186  0.0192
  0.0209  0.0185  0.0188  0.0190  0.0182  0.0194
  0.0243  0.0171  0.0203  0.0217  0.0192  0.0200
  0.0287  0.0189  0.0222  0.0249  0.0206  0.0220
niter,ni,del,rscale     4    3   12.0000    1.2000
parameters
    0.5514    0.8054    0.2946   -2.8803   -0.1443   -0.6286
eta,q 0.98073  0.15137
  0.0295  0.0203  0.0225  0.0220  0.0209  0.0227
  0.0259  0.0181  0.0190  0.0193  0.0190  0.0203
  0.0217  0.0182  0.0175  0.0192  0.0177  0.0188
  0.0207  0.0204  0.0180  0.0179  0.0172  0.0176
  0.0207  0.0205  0.0195  0.0174  0.0171  0.0181
  0.0231  0.0238  0.0224  0.0174  0.0186  0.0203
  0.0272  0.0302  0.0252  0.0195  0.0206  0.0225
niter,ni,del,rscale     3    3   12.0000    1.2000
parameters
    0.1510    3.5692    1.0105   -4.6012   -0.4705   -0.7075
eta,q 0.98034  0.15170
  0.0268  0.0281  0.0258  0.0202  0.0206  0.0217
  0.0226  0.0240  0.0217  0.0185  0.0192  0.0197
  0.0197  0.0207  0.0191  0.0179  0.0185  0.0188
  0.0193  0.0190  0.0184  0.0181  0.0195  0.0184
  0.0203  0.0190  0.0191  0.0185  0.0184  0.0188
  0.0241  0.0183  0.0204  0.0203  0.0197  0.0197
  0.0292  0.0209  0.0224  0.0234  0.0211  0.0220
niter,ni,del,rscale     2    3   12.0000    1.2000
parameters
    0.4834    1.4040    0.5051   -4.0964    0.3974   -0.9623
eta,q 0.98123  0.15141
  0.0293  0.0215  0.0234  0.0208  0.0223  0.0219
  0.0252  0.0183  0.0204  0.0189  0.0202  0.0190
  0.0205  0.0180  0.0181  0.0187  0.0187  0.0181
  0.0197  0.0195  0.0181  0.0173  0.0183  0.0172
  0.0200  0.0199  0.0193  0.0181  0.0175  0.0178
  0.0231  0.0229  0.0223  0.0181  0.0188  0.0200
  0.0277  0.0283  0.0249  0.0206  0.0205  0.0227
niter,ni,del,rscale     1    3   12.0000    1.2000
parameters
    0.4891    2.8132    0.9947   -3.7670   -0.5194   -0.8889
eta,q 0.98018  0.15182
  0.0269  0.0253  0.0245  0.0215  0.0199  0.0221
  0.0222  0.0216  0.0216  0.0196  0.0184  0.0191
  0.0195  0.0194  0.0194  0.0184  0.0174  0.0182
  0.0188  0.0188  0.0178  0.0179  0.0178  0.0179
  0.0191  0.0182  0.0190  0.0180  0.0187  0.0181
  0.0223  0.0191  0.0205  0.0189  0.0197  0.0194
  0.0269  0.0218  0.0227  0.0213  0.0212  0.0216
registration optimization eta report
parameter search radius
    6.0000    7.9350    6.0000    9.1253    6.0000    6.0000
100000*second partial in parameter space
       23.        8.       15.        4.        8.       11.
  0.0269  0.0253  0.0245  0.0215  0.0199  0.0221
  0.0222  0.0216  0.0216  0.0196  0.0184  0.0191
  0.0195  0.0194  0.0194  0.0184  0.0174  0.0182
  0.0188  0.0188  0.0178  0.0179  0.0178  0.0179
  0.0191  0.0182  0.0190  0.0180  0.0187  0.0181
  0.0223  0.0191  0.0205  0.0189  0.0197  0.0194
  0.0269  0.0218  0.0227  0.0213  0.0212  0.0216
    0.4891    2.8132    0.9947   -3.7670   -0.5194   -0.8889
eta,q 0.98018  0.15182
$Id: imgreg_4dfp.c,v 1.15 2007/08/10 03:27:30 avi Exp $
/data/nil-bluearc/ances_prod/Pipelines/UNPv2/ATLAS/REFDIR/711-2B.4dfp.img
       176       208       176         1
  1.000000  1.000000  1.000000
orientation T byte_order bigendian
Reading image: /data/nil-bluearc/ances_prod/Pipelines/UNPv2/ATLAS/REFDIR/711-2B.4dfp.img
dimensions:      176       208       176
mmppix:       1.0000   -1.0000   -1.0000
center:      89.0000  -85.0000 -101.0000
/data/nil-bluearc/ances_prod/Pipelines/UNPv2/ATLAS/REFDIR/711-2B_mask_g5_111z.4dfp.img
       176       208       176         1
  1.000000  1.000000  1.000000
orientation T byte_order bigendian
Reading mask: /data/nil-bluearc/ances_prod/Pipelines/UNPv2/ATLAS/REFDIR/711-2B_mask_g5_111z.4dfp.img (1906275 pixels)
MNI152_T1_1mm_brain_g11.4dfp.img
       182       218       182         1
  1.000000  1.000000  1.000000
orientation T byte_order littleendian
Reading image: MNI152_T1_1mm_brain_g11.4dfp.img
dimensions:      182       218       182
mmppix:       1.0000   -1.0000   -1.0000
center:      92.0000  -92.0000 -110.0000
MNI152_T1_1mm_brain_mskz.4dfp.img
       182       218       182         1
  1.000000  1.000000  1.000000
orientation T byte_order littleendian
Reading mask: MNI152_T1_1mm_brain_mskz.4dfp.img (1827095 pixels)
$Id: fimgreg.f,v 1.20 2012/06/05 01:57:11 avi Exp $
image alignment mode   3335 decimal      D07 hex
parameters
    0.4891    2.8132    0.9947   -0.0161   -0.2271   -0.2202
    1.4885    1.0064   -1.5514    6.5551   -0.9066   -6.5697
eta,q 0.98227  0.15069
niter,ni,del,rscale     5    3    5.0000    1.2000
parameter  4 -2.470275 -> -0.500000 qaram    1.1500
parameter  5 -0.858765 -> -0.500000 qaram    1.1500
parameter  6 -1.887903 -> -0.500000 qaram    1.1500
parameters
    0.5925    1.8335    0.0110    4.1239    3.9129    3.9198
    1.8016    1.0129   -0.3586    3.3356   -1.6853   -3.7719
eta,q 0.99090  0.15938
  0.0198  0.0178  0.0177  0.0252  0.0188  0.0163  0.0144  0.0121  0.0114  0.0099  0.0109  0.0134
  0.0187  0.0176  0.0175  0.0232  0.0172  0.0149  0.0122  0.0108  0.0106  0.0095  0.0100  0.0118
  0.0179  0.0175  0.0175  0.0205  0.0153  0.0132  0.0105  0.0100  0.0100  0.0094  0.0095  0.0104
  0.0177  0.0177  0.0175  0.0174  0.0133  0.0117  0.0098  0.0098  0.0098  0.0098  0.0095  0.0095
  0.0179  0.0180  0.0179  0.0146  0.0120  0.0105  0.0103  0.0100  0.0098  0.0102  0.0099  0.0091
  0.0185  0.0185  0.0184  0.0130  0.0116  0.0096  0.0117  0.0108  0.0100  0.0107  0.0105  0.0093
  0.0194  0.0191  0.0191  0.0124  0.0122  0.0092  0.0137  0.0121  0.0106  0.0116  0.0115  0.0101
niter,ni,del,rscale     7    3    5.0000    1.2000
parameter  2 -0.641367 -> -0.500000 qaram    1.1500
parameter  6 -0.581318 -> -0.500000 qaram    1.3225
parameters
    0.4315    3.2135   -0.5399    6.8551    4.6152    8.6808
    1.4298    1.5498   -0.0130    0.8698   -1.7538   -4.0645
eta,q 0.99249  0.16485
  0.0116  0.0120  0.0092  0.0132  0.0114  0.0116  0.0106  0.0095  0.0086  0.0077  0.0085  0.0095
  0.0102  0.0108  0.0084  0.0115  0.0101  0.0104  0.0088  0.0084  0.0080  0.0075  0.0080  0.0083
  0.0093  0.0098  0.0081  0.0096  0.0088  0.0091  0.0078  0.0078  0.0076  0.0073  0.0076  0.0076
  0.0091  0.0090  0.0083  0.0082  0.0081  0.0080  0.0075  0.0074  0.0074  0.0075  0.0074  0.0074
  0.0095  0.0084  0.0087  0.0081  0.0085  0.0076  0.0080  0.0075  0.0075  0.0077  0.0074  0.0076
  0.0107  0.0083  0.0096  0.0086  0.0095  0.0075  0.0094  0.0080  0.0079  0.0083  0.0079  0.0086
  0.0124  0.0087  0.0107  0.0095  0.0105  0.0079  0.0112  0.0090  0.0084  0.0092  0.0086  0.0099
niter,ni,del,rscale     7    3    5.0000    1.2000
parameters
    0.2125    3.4751   -0.9385    5.6269    4.2801    7.6033
    1.2021    1.9736    0.0995    1.2010   -1.9082   -4.4284
eta,q 0.99287  0.16331
  0.0093  0.0092  0.0082  0.0087  0.0094  0.0082  0.0101  0.0089  0.0080  0.0078  0.0080  0.0089
  0.0079  0.0082  0.0074  0.0077  0.0082  0.0074  0.0085  0.0078  0.0073  0.0072  0.0074  0.0077
  0.0073  0.0075  0.0071  0.0068  0.0072  0.0068  0.0072  0.0071  0.0069  0.0069  0.0069  0.0068
  0.0075  0.0074  0.0073  0.0071  0.0067  0.0067  0.0067  0.0067  0.0067  0.0067  0.0067  0.0067
  0.0077  0.0073  0.0074  0.0079  0.0075  0.0073  0.0075  0.0069  0.0069  0.0069  0.0069  0.0072
  0.0086  0.0078  0.0081  0.0087  0.0086  0.0079  0.0089  0.0075  0.0074  0.0071  0.0074  0.0081
  0.0101  0.0086  0.0091  0.0095  0.0097  0.0088  0.0105  0.0084  0.0079  0.0076  0.0081  0.0093
niter,ni,del,rscale     6    3    5.0000    1.2000
parameters
    0.2135    3.4132   -0.8497    6.0058    4.5583    8.1598
    1.0953    1.8464    0.4236    1.5446   -1.9242   -4.5195
eta,q 0.99283  0.16401
  0.0098  0.0089  0.0089  0.0099  0.0101  0.0091  0.0105  0.0088  0.0082  0.0081  0.0082  0.0093
  0.0083  0.0079  0.0077  0.0086  0.0087  0.0081  0.0088  0.0079  0.0076  0.0075  0.0075  0.0081
  0.0073  0.0072  0.0071  0.0074  0.0075  0.0072  0.0076  0.0072  0.0073  0.0072  0.0072  0.0072
  0.0071  0.0071  0.0071  0.0071  0.0071  0.0071  0.0072  0.0072  0.0072  0.0072  0.0072  0.0072
  0.0073  0.0072  0.0070  0.0076  0.0076  0.0074  0.0075  0.0073  0.0072  0.0072  0.0071  0.0073
  0.0083  0.0080  0.0076  0.0083  0.0086  0.0078  0.0089  0.0080  0.0075  0.0074  0.0075  0.0081
  0.0098  0.0091  0.0086  0.0094  0.0096  0.0086  0.0107  0.0089  0.0081  0.0079  0.0082  0.0094
niter,ni,del,rscale     5    3    5.0000    1.2000
parameters
    0.1743    3.5107   -0.9145    5.8826    4.3664    7.8324
    1.0118    1.9751    0.3512    1.3774   -2.0601   -4.5365
eta,q 0.99285  0.16367
  0.0096  0.0090  0.0085  0.0094  0.0096  0.0086  0.0105  0.0089  0.0081  0.0079  0.0081  0.0092
  0.0081  0.0080  0.0076  0.0082  0.0084  0.0077  0.0087  0.0079  0.0074  0.0072  0.0074  0.0080
  0.0073  0.0073  0.0070  0.0071  0.0074  0.0070  0.0075  0.0072  0.0070  0.0070  0.0070  0.0071
  0.0072  0.0072  0.0071  0.0070  0.0070  0.0070  0.0070  0.0070  0.0070  0.0070  0.0070  0.0070
  0.0074  0.0072  0.0071  0.0077  0.0077  0.0074  0.0075  0.0072  0.0070  0.0071  0.0070  0.0072
  0.0083  0.0077  0.0077  0.0084  0.0086  0.0079  0.0089  0.0078  0.0075  0.0074  0.0075  0.0080
  0.0097  0.0088  0.0087  0.0093  0.0097  0.0087  0.0106  0.0087  0.0081  0.0079  0.0082  0.0092
niter,ni,del,rscale     4    3    5.0000    1.2000
parameters
    0.1670    3.4391   -0.8897    5.9941    4.4502    7.9899
    1.0297    1.9853    0.4446    1.5283   -1.9807   -4.5878
eta,q 0.99287  0.16384
  0.0097  0.0088  0.0087  0.0096  0.0099  0.0089  0.0106  0.0089  0.0082  0.0081  0.0082  0.0093
  0.0082  0.0078  0.0077  0.0084  0.0086  0.0079  0.0088  0.0079  0.0075  0.0074  0.0075  0.0081
  0.0073  0.0072  0.0070  0.0072  0.0075  0.0071  0.0076  0.0073  0.0071  0.0071  0.0071  0.0072
  0.0072  0.0072  0.0071  0.0071  0.0071  0.0071  0.0071  0.0071  0.0071  0.0071  0.0071  0.0071
  0.0073  0.0072  0.0071  0.0077  0.0077  0.0074  0.0075  0.0073  0.0071  0.0072  0.0071  0.0073
  0.0083  0.0079  0.0077  0.0083  0.0086  0.0079  0.0089  0.0079  0.0075  0.0074  0.0075  0.0081
  0.0097  0.0091  0.0086  0.0093  0.0097  0.0087  0.0106  0.0088  0.0081  0.0079  0.0081  0.0093
niter,ni,del,rscale     3    3    5.0000    1.2000
parameters
    0.1410    3.4947   -0.9404    5.9120    4.4353    7.8937
    0.9843    2.0399    0.3872    1.4785   -2.0796   -4.5834
eta,q 0.99288  0.16373
  0.0097  0.0090  0.0086  0.0095  0.0098  0.0087  0.0106  0.0089  0.0081  0.0080  0.0082  0.0092
  0.0082  0.0080  0.0076  0.0083  0.0085  0.0078  0.0087  0.0079  0.0074  0.0073  0.0074  0.0081
  0.0073  0.0073  0.0070  0.0072  0.0074  0.0070  0.0075  0.0072  0.0070  0.0070  0.0070  0.0071
  0.0071  0.0071  0.0071  0.0071  0.0070  0.0070  0.0070  0.0070  0.0070  0.0070  0.0070  0.0070
  0.0074  0.0072  0.0071  0.0077  0.0076  0.0074  0.0075  0.0072  0.0071  0.0071  0.0071  0.0072
  0.0083  0.0078  0.0077  0.0084  0.0086  0.0078  0.0089  0.0079  0.0075  0.0074  0.0075  0.0081
  0.0097  0.0089  0.0087  0.0094  0.0097  0.0087  0.0106  0.0087  0.0081  0.0079  0.0082  0.0092
niter,ni,del,rscale     2    3    5.0000    1.2000
parameters
    0.1414    3.4861   -0.9073    5.9413    4.4748    7.9853
    0.9928    2.0468    0.3742    1.4913   -2.0626   -4.6090
eta,q 0.99290  0.16379
  0.0097  0.0089  0.0087  0.0096  0.0098  0.0088  0.0106  0.0088  0.0081  0.0080  0.0082  0.0093
  0.0082  0.0079  0.0077  0.0083  0.0085  0.0079  0.0088  0.0079  0.0075  0.0073  0.0074  0.0081
  0.0073  0.0072  0.0071  0.0072  0.0074  0.0071  0.0076  0.0072  0.0071  0.0071  0.0070  0.0072
  0.0071  0.0071  0.0071  0.0071  0.0071  0.0071  0.0071  0.0071  0.0071  0.0071  0.0071  0.0071
  0.0073  0.0071  0.0070  0.0077  0.0077  0.0074  0.0075  0.0073  0.0071  0.0071  0.0071  0.0072
  0.0083  0.0079  0.0076  0.0083  0.0085  0.0078  0.0089  0.0079  0.0075  0.0074  0.0075  0.0081
  0.0097  0.0090  0.0086  0.0093  0.0097  0.0087  0.0106  0.0088  0.0081  0.0079  0.0082  0.0093
niter,ni,del,rscale     1    3    5.0000    1.2000
parameters
    0.1359    3.4932   -0.9288    5.8996    4.4211    7.8946
    0.9968    2.0545    0.3831    1.5465   -2.0615   -4.5917
eta,q 0.99287  0.16371
  0.0097  0.0089  0.0086  0.0095  0.0097  0.0087  0.0106  0.0089  0.0081  0.0080  0.0082  0.0092
  0.0082  0.0079  0.0076  0.0083  0.0085  0.0078  0.0088  0.0079  0.0074  0.0073  0.0074  0.0081
  0.0073  0.0072  0.0070  0.0072  0.0074  0.0070  0.0075  0.0072  0.0071  0.0070  0.0070  0.0072
  0.0071  0.0071  0.0071  0.0071  0.0071  0.0070  0.0070  0.0070  0.0070  0.0070  0.0070  0.0070
  0.0073  0.0071  0.0071  0.0077  0.0077  0.0074  0.0075  0.0072  0.0071  0.0071  0.0071  0.0072
  0.0083  0.0078  0.0077  0.0084  0.0086  0.0078  0.0089  0.0079  0.0075  0.0074  0.0075  0.0081
  0.0097  0.0090  0.0086  0.0094  0.0097  0.0087  0.0106  0.0088  0.0081  0.0079  0.0081  0.0092
registration optimization eta report
parameter search radius
    2.4000    2.7600    2.4000    8.2800    8.2800    9.5220
    7.2000    7.2000    7.2000    7.2000    7.2000    7.2000
100000*second partial in parameter space
       46.       25.       29.        3.        4.        2.
        7.        3.        2.        2.        2.        4.
  0.0097  0.0089  0.0086  0.0095  0.0097  0.0087  0.0106  0.0089  0.0081  0.0080  0.0082  0.0092
  0.0082  0.0079  0.0076  0.0083  0.0085  0.0078  0.0088  0.0079  0.0074  0.0073  0.0074  0.0081
  0.0073  0.0072  0.0070  0.0072  0.0074  0.0070  0.0075  0.0072  0.0071  0.0070  0.0070  0.0072
  0.0071  0.0071  0.0071  0.0071  0.0071  0.0070  0.0070  0.0070  0.0070  0.0070  0.0070  0.0070
  0.0073  0.0071  0.0071  0.0077  0.0077  0.0074  0.0075  0.0072  0.0071  0.0071  0.0071  0.0072
  0.0083  0.0078  0.0077  0.0084  0.0086  0.0078  0.0089  0.0079  0.0075  0.0074  0.0075  0.0081
  0.0097  0.0090  0.0086  0.0094  0.0097  0.0087  0.0106  0.0088  0.0081  0.0079  0.0081  0.0092
    0.1359    3.4932   -0.9288    5.8996    4.4211    7.8946
    0.9968    2.0545    0.3831    1.5465   -2.0615   -4.5917
eta,q 0.99287  0.16371
$Id: imgreg_4dfp.c,v 1.15 2007/08/10 03:27:30 avi Exp $
/data/nil-bluearc/ances_prod/Pipelines/UNPv2/ATLAS/REFDIR/711-2B.4dfp.img
       176       208       176         1
  1.000000  1.000000  1.000000
orientation T byte_order bigendian
Reading image: /data/nil-bluearc/ances_prod/Pipelines/UNPv2/ATLAS/REFDIR/711-2B.4dfp.img
dimensions:      176       208       176
mmppix:       1.0000   -1.0000   -1.0000
center:      89.0000  -85.0000 -101.0000
/data/nil-bluearc/ances_prod/Pipelines/UNPv2/ATLAS/REFDIR/711-2B_mask_g5_111z.4dfp.img
       176       208       176         1
  1.000000  1.000000  1.000000
orientation T byte_order bigendian
Reading mask: /data/nil-bluearc/ances_prod/Pipelines/UNPv2/ATLAS/REFDIR/711-2B_mask_g5_111z.4dfp.img (1906275 pixels)
MNI152_T1_1mm_brain_g11.4dfp.img
       182       218       182         1
  1.000000  1.000000  1.000000
orientation T byte_order littleendian
Reading image: MNI152_T1_1mm_brain_g11.4dfp.img
dimensions:      182       218       182
mmppix:       1.0000   -1.0000   -1.0000
center:      92.0000  -92.0000 -110.0000
MNI152_T1_1mm_brain_mskz.4dfp.img
       182       218       182         1
  1.000000  1.000000  1.000000
orientation T byte_order littleendian
Reading mask: MNI152_T1_1mm_brain_mskz.4dfp.img (1827095 pixels)
$Id: fimgreg.f,v 1.20 2012/06/05 01:57:11 avi Exp $
image alignment mode   2311 decimal      907 hex
parameters
    0.1359    3.4932   -0.9288    5.8996    4.4211    7.8946
    0.9968    2.0545    0.3831    1.5465   -2.0615   -4.5917
eta,q 0.99287  0.16371
niter,ni,del,rscale     5    3    5.0000    0.8000
parameters
    0.1167    3.4803   -0.9092    5.3838    4.4878    7.4646
    0.9275    1.9884    0.1880    1.2836   -2.0347   -4.6152
eta,q 0.99286  0.16320
  0.0082  0.0076  0.0077  0.0080  0.0083  0.0074  0.0089  0.0079  0.0074  0.0072  0.0075  0.0081
  0.0075  0.0073  0.0072  0.0074  0.0076  0.0070  0.0078  0.0073  0.0071  0.0070  0.0072  0.0074
  0.0071  0.0070  0.0070  0.0070  0.0071  0.0068  0.0071  0.0070  0.0069  0.0068  0.0069  0.0069
  0.0071  0.0071  0.0071  0.0071  0.0070  0.0070  0.0069  0.0069  0.0069  0.0069  0.0069  0.0069
  0.0072  0.0071  0.0070  0.0074  0.0072  0.0070  0.0072  0.0070  0.0069  0.0069  0.0069  0.0070
  0.0076  0.0072  0.0072  0.0078  0.0077  0.0073  0.0079  0.0074  0.0071  0.0071  0.0071  0.0074
  0.0083  0.0077  0.0077  0.0084  0.0082  0.0075  0.0090  0.0079  0.0075  0.0073  0.0075  0.0081
niter,ni,del,rscale     4    3    5.0000    0.7000
parameters
    0.1286    3.5032   -0.9390    5.4231    4.4584    7.4892
    0.9908    1.8919    0.0695    1.0708   -1.8592   -4.6671
eta,q 0.99292  0.16319
  0.0080  0.0075  0.0075  0.0081  0.0082  0.0075  0.0086  0.0077  0.0074  0.0073  0.0074  0.0078
  0.0075  0.0073  0.0071  0.0075  0.0075  0.0071  0.0078  0.0073  0.0072  0.0071  0.0072  0.0073
  0.0071  0.0071  0.0070  0.0071  0.0071  0.0070  0.0072  0.0071  0.0070  0.0071  0.0070  0.0070
  0.0071  0.0071  0.0071  0.0071  0.0071  0.0071  0.0071  0.0071  0.0071  0.0071  0.0071  0.0071
  0.0072  0.0071  0.0070  0.0073  0.0072  0.0071  0.0072  0.0071  0.0071  0.0070  0.0070  0.0071
  0.0074  0.0072  0.0072  0.0076  0.0076  0.0072  0.0077  0.0073  0.0072  0.0072  0.0071  0.0073
  0.0080  0.0075  0.0075  0.0079  0.0081  0.0074  0.0085  0.0078  0.0074  0.0073  0.0074  0.0078
niter,ni,del,rscale     3    3    5.0000    0.6000
parameters
    0.1551    3.5193   -0.8989    5.2854    4.4610    7.0784
    0.9982    1.7812    0.2863    1.1204   -1.9823   -4.6409
eta,q 0.99288  0.16285
  0.0077  0.0073  0.0073  0.0078  0.0079  0.0073  0.0081  0.0074  0.0072  0.0072  0.0072  0.0076
  0.0073  0.0071  0.0070  0.0072  0.0074  0.0070  0.0074  0.0071  0.0071  0.0070  0.0070  0.0072
  0.0070  0.0070  0.0070  0.0070  0.0070  0.0069  0.0070  0.0069  0.0069  0.0069  0.0070  0.0070
  0.0071  0.0071  0.0070  0.0070  0.0070  0.0070  0.0069  0.0069  0.0069  0.0069  0.0069  0.0069
  0.0071  0.0070  0.0070  0.0072  0.0071  0.0070  0.0070  0.0070  0.0069  0.0069  0.0069  0.0070
  0.0073  0.0071  0.0070  0.0074  0.0075  0.0071  0.0074  0.0072  0.0070  0.0070  0.0071  0.0072
  0.0077  0.0073  0.0073  0.0078  0.0078  0.0073  0.0081  0.0075  0.0072  0.0072  0.0073  0.0076
niter,ni,del,rscale     2    3    5.0000    0.5000
parameters
    0.1867    3.5275   -1.0321    5.2899    4.4890    7.9458
    1.0236    1.9175    0.2168    1.3209   -2.0352   -5.0579
eta,q 0.99303  0.16334
  0.0076  0.0073  0.0072  0.0077  0.0077  0.0074  0.0078  0.0073  0.0072  0.0072  0.0072  0.0073
  0.0072  0.0071  0.0070  0.0072  0.0073  0.0072  0.0073  0.0071  0.0070  0.0070  0.0071  0.0070
  0.0071  0.0070  0.0070  0.0070  0.0071  0.0071  0.0070  0.0070  0.0070  0.0070  0.0070  0.0070
  0.0071  0.0071  0.0071  0.0071  0.0071  0.0071  0.0070  0.0070  0.0070  0.0070  0.0070  0.0070
  0.0071  0.0070  0.0070  0.0071  0.0071  0.0070  0.0070  0.0070  0.0070  0.0069  0.0071  0.0071
  0.0072  0.0071  0.0071  0.0073  0.0074  0.0070  0.0073  0.0071  0.0070  0.0070  0.0071  0.0072
  0.0075  0.0072  0.0072  0.0076  0.0076  0.0071  0.0077  0.0072  0.0072  0.0071  0.0072  0.0075
niter,ni,del,rscale     1    3    5.0000    0.4000
parameter  6  0.526136 ->  0.500000 qaram    1.1500
parameters
    0.1260    3.3578   -0.9188    4.9516    4.1804    6.5658
    0.8697    1.9446    0.3668    1.6439   -1.9074   -4.6988
eta,q 0.99274  0.16220
  0.0072  0.0070  0.0070  0.0072  0.0072  0.0068  0.0073  0.0070  0.0069  0.0069  0.0070  0.0073
  0.0070  0.0069  0.0069  0.0069  0.0069  0.0067  0.0069  0.0068  0.0068  0.0068  0.0069  0.0070
  0.0069  0.0069  0.0069  0.0068  0.0068  0.0067  0.0067  0.0068  0.0067  0.0067  0.0068  0.0068
  0.0070  0.0070  0.0069  0.0069  0.0068  0.0068  0.0067  0.0067  0.0067  0.0067  0.0067  0.0067
  0.0069  0.0069  0.0069  0.0069  0.0069  0.0069  0.0068  0.0067  0.0067  0.0067  0.0067  0.0067
  0.0070  0.0070  0.0069  0.0071  0.0071  0.0070  0.0071  0.0068  0.0068  0.0067  0.0068  0.0069
  0.0072  0.0070  0.0070  0.0073  0.0073  0.0071  0.0074  0.0070  0.0068  0.0068  0.0069  0.0070
niter,ni,del,rscale     1    3    5.0000    0.4000
parameter  3  0.796062 ->  0.500000 qaram    1.1500
parameter  6 -0.537914 -> -0.500000 qaram    1.3225
parameters
    0.2378    3.5046   -1.3788    5.2787    4.5394    8.1528
    1.0440    1.7660    0.0283    0.8355   -2.3585   -5.2749
eta,q 0.99305  0.16344
  0.0075  0.0073  0.0071  0.0077  0.0077  0.0076  0.0076  0.0072  0.0071  0.0070  0.0070  0.0071
  0.0073  0.0072  0.0070  0.0073  0.0074  0.0074  0.0073  0.0070  0.0070  0.0070  0.0070  0.0070
  0.0073  0.0071  0.0071  0.0071  0.0071  0.0072  0.0070  0.0069  0.0070  0.0069  0.0069  0.0069
  0.0073  0.0072  0.0072  0.0070  0.0070  0.0070  0.0070  0.0070  0.0069  0.0070  0.0069  0.0070
  0.0072  0.0072  0.0071  0.0070  0.0070  0.0070  0.0070  0.0070  0.0069  0.0070  0.0070  0.0070
  0.0073  0.0072  0.0071  0.0072  0.0071  0.0070  0.0071  0.0071  0.0071  0.0071  0.0070  0.0072
  0.0074  0.0072  0.0072  0.0073  0.0074  0.0070  0.0074  0.0072  0.0072  0.0072  0.0072  0.0074
niter,ni,del,rscale     2    3    5.0000    0.5000
parameters
    0.0925    3.6027   -0.8786    5.0590    4.4730    7.3081
    0.8874    2.0468    0.5485    1.6360   -2.1725   -4.7234
eta,q 0.99288  0.16286
  0.0073  0.0072  0.0075  0.0073  0.0074  0.0071  0.0074  0.0071  0.0070  0.0070  0.0070  0.0074
  0.0070  0.0069  0.0072  0.0069  0.0070  0.0068  0.0069  0.0068  0.0068  0.0068  0.0068  0.0071
  0.0069  0.0069  0.0070  0.0067  0.0067  0.0066  0.0066  0.0067  0.0067  0.0067  0.0066  0.0067
  0.0069  0.0069  0.0069  0.0067  0.0067  0.0067  0.0066  0.0066  0.0066  0.0066  0.0066  0.0066
  0.0070  0.0069  0.0067  0.0068  0.0068  0.0069  0.0067  0.0066  0.0066  0.0066  0.0066  0.0066
  0.0072  0.0069  0.0067  0.0071  0.0071  0.0072  0.0071  0.0067  0.0067  0.0066  0.0067  0.0068
  0.0076  0.0070  0.0069  0.0074  0.0074  0.0075  0.0076  0.0069  0.0068  0.0067  0.0069  0.0070
niter,ni,del,rscale     1    3    5.0000    0.4000
parameters
    0.1684    3.2432   -1.0168    5.0488    4.1498    7.8413
    0.8141    1.7105   -0.0921    1.7267   -1.9253   -5.0103
eta,q 0.99310  0.16287
  0.0074  0.0071  0.0071  0.0074  0.0073  0.0073  0.0074  0.0070  0.0069  0.0070  0.0071  0.0071
  0.0072  0.0070  0.0069  0.0071  0.0071  0.0071  0.0070  0.0069  0.0069  0.0069  0.0070  0.0069
  0.0071  0.0070  0.0069  0.0069  0.0069  0.0070  0.0068  0.0068  0.0068  0.0069  0.0069  0.0068
  0.0071  0.0071  0.0070  0.0070  0.0070  0.0069  0.0069  0.0069  0.0068  0.0068  0.0068  0.0069
  0.0071  0.0071  0.0069  0.0070  0.0071  0.0069  0.0069  0.0069  0.0069  0.0068  0.0069  0.0070
  0.0071  0.0071  0.0070  0.0071  0.0073  0.0069  0.0071  0.0069  0.0070  0.0069  0.0069  0.0070
  0.0073  0.0072  0.0071  0.0073  0.0075  0.0071  0.0074  0.0071  0.0071  0.0070  0.0070  0.0072
registration optimization eta report
parameter search radius
    0.8000    0.8000    0.9200    2.4000    2.4000    3.1740
    2.4000    2.4000    2.4000    2.4000    2.4000    2.4000
100000*second partial in parameter space
       40.       10.       20.        7.        8.        3.
       10.        4.        3.        3.        3.        5.
  0.0074  0.0071  0.0071  0.0074  0.0073  0.0073  0.0074  0.0070  0.0069  0.0070  0.0071  0.0071
  0.0072  0.0070  0.0069  0.0071  0.0071  0.0071  0.0070  0.0069  0.0069  0.0069  0.0070  0.0069
  0.0071  0.0070  0.0069  0.0069  0.0069  0.0070  0.0068  0.0068  0.0068  0.0069  0.0069  0.0068
  0.0071  0.0071  0.0070  0.0070  0.0070  0.0069  0.0069  0.0069  0.0068  0.0068  0.0068  0.0069
  0.0071  0.0071  0.0069  0.0070  0.0071  0.0069  0.0069  0.0069  0.0069  0.0068  0.0069  0.0070
  0.0071  0.0071  0.0070  0.0071  0.0073  0.0069  0.0071  0.0069  0.0070  0.0069  0.0069  0.0070
  0.0073  0.0072  0.0071  0.0073  0.0075  0.0071  0.0074  0.0071  0.0071  0.0070  0.0070  0.0072
    0.1684    3.2432   -1.0168    5.0488    4.1498    7.8413
    0.8141    1.7105   -0.0921    1.7267   -1.9253   -5.0103
eta,q 0.99310  0.16287
$Id: imgreg_4dfp.c,v 1.15 2007/08/10 03:27:30 avi Exp $
/data/nil-bluearc/ances_prod/Pipelines/UNPv2/ATLAS/REFDIR/711-2B.4dfp.img
       176       208       176         1
  1.000000  1.000000  1.000000
orientation T byte_order bigendian
Reading image: /data/nil-bluearc/ances_prod/Pipelines/UNPv2/ATLAS/REFDIR/711-2B.4dfp.img
dimensions:      176       208       176
mmppix:       1.0000   -1.0000   -1.0000
center:      89.0000  -85.0000 -101.0000
/data/nil-bluearc/ances_prod/Pipelines/UNPv2/ATLAS/REFDIR/711-2B_mask_g5_111z.4dfp.img
       176       208       176         1
  1.000000  1.000000  1.000000
orientation T byte_order bigendian
Reading mask: /data/nil-bluearc/ances_prod/Pipelines/UNPv2/ATLAS/REFDIR/711-2B_mask_g5_111z.4dfp.img (1906275 pixels)
MNI152_T1_1mm_brain_g11.4dfp.img
       182       218       182         1
  1.000000  1.000000  1.000000
orientation T byte_order littleendian
Reading image: MNI152_T1_1mm_brain_g11.4dfp.img
dimensions:      182       218       182
mmppix:       1.0000   -1.0000   -1.0000
center:      92.0000  -92.0000 -110.0000
MNI152_T1_1mm_brain_mskz.4dfp.img
       182       218       182         1
  1.000000  1.000000  1.000000
orientation T byte_order littleendian
Reading mask: MNI152_T1_1mm_brain_mskz.4dfp.img (1827095 pixels)
$Id: fimgreg.f,v 1.20 2012/06/05 01:57:11 avi Exp $
image alignment mode   2311 decimal      907 hex
parameters
    0.1684    3.2432   -1.0168    5.0488    4.1498    7.8413
    0.8141    1.7105   -0.0921    1.7267   -1.9253   -5.0103
eta,q 0.99310  0.16287
niter,ni,del,rscale     5    3    5.0000    0.8000
parameters
    0.1509    3.4673   -0.9518    5.4995    4.3061    7.4824
    1.0907    1.8931    0.2693    1.3137   -1.9882   -4.5758
eta,q 0.99288  0.16318
  0.0082  0.0078  0.0077  0.0086  0.0084  0.0074  0.0090  0.0078  0.0074  0.0072  0.0075  0.0082
  0.0074  0.0072  0.0072  0.0077  0.0076  0.0070  0.0079  0.0073  0.0071  0.0070  0.0071  0.0075
  0.0070  0.0070  0.0068  0.0070  0.0070  0.0068  0.0071  0.0069  0.0069  0.0068  0.0068  0.0069
  0.0069  0.0069  0.0069  0.0068  0.0068  0.0069  0.0068  0.0068  0.0068  0.0068  0.0067  0.0067
  0.0070  0.0068  0.0068  0.0070  0.0070  0.0070  0.0070  0.0069  0.0068  0.0069  0.0068  0.0068
  0.0075  0.0070  0.0071  0.0074  0.0076  0.0072  0.0076  0.0072  0.0070  0.0071  0.0071  0.0071
  0.0082  0.0074  0.0076  0.0079  0.0081  0.0075  0.0086  0.0077  0.0073  0.0073  0.0075  0.0078
niter,ni,del,rscale     4    3    5.0000    0.7000
parameters
    0.1760    3.4305   -0.8811    5.4849    4.4330    7.3585
    1.0553    1.8485    0.2551    1.1347   -1.9528   -4.5249
eta,q 0.99289  0.16315
  0.0080  0.0075  0.0075  0.0081  0.0083  0.0075  0.0085  0.0077  0.0074  0.0073  0.0075  0.0079
  0.0075  0.0072  0.0071  0.0074  0.0076  0.0071  0.0077  0.0073  0.0071  0.0071  0.0071  0.0073
  0.0071  0.0070  0.0070  0.0070  0.0071  0.0070  0.0071  0.0070  0.0070  0.0070  0.0071  0.0070
  0.0071  0.0071  0.0071  0.0070  0.0070  0.0071  0.0070  0.0070  0.0070  0.0070  0.0070  0.0070
  0.0071  0.0070  0.0070  0.0073  0.0072  0.0071  0.0071  0.0071  0.0070  0.0070  0.0070  0.0071
  0.0074  0.0072  0.0071  0.0075  0.0075  0.0072  0.0077  0.0073  0.0071  0.0072  0.0072  0.0073
  0.0079  0.0075  0.0074  0.0079  0.0081  0.0075  0.0086  0.0077  0.0074  0.0073  0.0074  0.0078
niter,ni,del,rscale     3    3    5.0000    0.6000
parameters
    0.1520    3.5367   -0.9842    5.3045    4.5102    7.6337
    0.9920    1.9353    0.1182    0.9009   -1.9640   -4.6973
eta,q 0.99296  0.16320
  0.0077  0.0074  0.0072  0.0078  0.0080  0.0074  0.0081  0.0076  0.0072  0.0072  0.0073  0.0075
  0.0073  0.0072  0.0070  0.0073  0.0075  0.0071  0.0075  0.0072  0.0071  0.0070  0.0070  0.0071
  0.0071  0.0070  0.0069  0.0070  0.0071  0.0070  0.0071  0.0070  0.0070  0.0070  0.0070  0.0069
  0.0071  0.0071  0.0071  0.0070  0.0070  0.0070  0.0070  0.0070  0.0070  0.0070  0.0070  0.0070
  0.0072  0.0070  0.0070  0.0072  0.0071  0.0069  0.0071  0.0070  0.0070  0.0070  0.0070  0.0070
  0.0073  0.0071  0.0071  0.0075  0.0075  0.0071  0.0075  0.0072  0.0071  0.0071  0.0071  0.0072
  0.0078  0.0073  0.0073  0.0078  0.0078  0.0072  0.0082  0.0075  0.0073  0.0072  0.0073  0.0076
niter,ni,del,rscale     2    3    5.0000    0.5000
parameters
    0.1531    3.4933   -0.8542    5.1996    4.3169    6.9717
    0.9964    1.8644    0.2945    1.4477   -1.8754   -4.5589
eta,q 0.99280  0.16271
  0.0075  0.0072  0.0072  0.0075  0.0075  0.0071  0.0077  0.0072  0.0071  0.0072  0.0071  0.0074
  0.0071  0.0070  0.0070  0.0071  0.0071  0.0069  0.0072  0.0069  0.0070  0.0070  0.0070  0.0071
  0.0070  0.0070  0.0070  0.0069  0.0069  0.0068  0.0069  0.0068  0.0069  0.0069  0.0069  0.0069
  0.0070  0.0070  0.0070  0.0070  0.0070  0.0069  0.0068  0.0068  0.0068  0.0068  0.0068  0.0068
  0.0070  0.0070  0.0069  0.0070  0.0071  0.0070  0.0069  0.0068  0.0068  0.0068  0.0068  0.0069
  0.0071  0.0071  0.0070  0.0073  0.0073  0.0070  0.0072  0.0070  0.0069  0.0068  0.0069  0.0071
  0.0075  0.0072  0.0071  0.0075  0.0076  0.0072  0.0077  0.0072  0.0071  0.0070  0.0071  0.0073
niter,ni,del,rscale     1    3    5.0000    0.4000
parameter  3  0.737864 ->  0.500000 qaram    1.1500
parameters
    0.2137    3.3455   -1.3142    5.2510    4.4501    8.0710
    1.0284    1.8613    0.0435    1.0250   -2.3566   -5.2604
eta,q 0.99302  0.16334
  0.0074  0.0072  0.0071  0.0074  0.0075  0.0075  0.0075  0.0072  0.0071  0.0071  0.0071  0.0071
  0.0072  0.0071  0.0070  0.0071  0.0072  0.0073  0.0072  0.0071  0.0070  0.0070  0.0070  0.0070
  0.0072  0.0071  0.0070  0.0070  0.0070  0.0072  0.0070  0.0070  0.0070  0.0070  0.0069  0.0069
  0.0072  0.0072  0.0071  0.0070  0.0070  0.0070  0.0070  0.0070  0.0070  0.0070  0.0070  0.0070
  0.0072  0.0071  0.0071  0.0070  0.0070  0.0070  0.0070  0.0070  0.0070  0.0070  0.0070  0.0071
  0.0072  0.0072  0.0071  0.0072  0.0071  0.0070  0.0072  0.0071  0.0071  0.0071  0.0072  0.0072
  0.0073  0.0072  0.0072  0.0073  0.0074  0.0071  0.0075  0.0072  0.0072  0.0072  0.0073  0.0075
niter,ni,del,rscale     1    3    5.0000    0.4000
parameter  2 -0.552292 -> -0.500000 qaram    1.1500
parameters
    0.0990    3.8055   -0.9686    5.0586    4.5637    6.8875
    0.8424    2.0785    0.5030    1.4601   -2.0822   -4.8352
eta,q 0.99288  0.16262
  0.0071  0.0071  0.0073  0.0071  0.0073  0.0068  0.0072  0.0070  0.0069  0.0069  0.0070  0.0072
  0.0070  0.0070  0.0070  0.0069  0.0069  0.0067  0.0069  0.0068  0.0068  0.0068  0.0068  0.0069
  0.0070  0.0069  0.0069  0.0067  0.0068  0.0067  0.0067  0.0067  0.0067  0.0067  0.0067  0.0067
  0.0070  0.0069  0.0069  0.0068  0.0067  0.0067  0.0067  0.0067  0.0067  0.0067  0.0066  0.0066
  0.0070  0.0068  0.0067  0.0068  0.0068  0.0069  0.0068  0.0067  0.0067  0.0067  0.0067  0.0066
  0.0071  0.0069  0.0068  0.0070  0.0069  0.0070  0.0070  0.0067  0.0067  0.0067  0.0067  0.0068
  0.0073  0.0069  0.0069  0.0072  0.0072  0.0071  0.0073  0.0069  0.0068  0.0068  0.0068  0.0069
niter,ni,del,rscale     1    3    5.0000    0.4000
parameter  2  0.588442 ->  0.500000 qaram    1.3225
parameters
    0.1395    3.2765   -0.9384    5.1303    4.2311    7.8502
    0.8530    1.7651   -0.0132    1.7755   -2.1409   -4.7879
eta,q 0.99300  0.16304
  0.0074  0.0071  0.0072  0.0074  0.0074  0.0072  0.0075  0.0071  0.0070  0.0071  0.0070  0.0072
  0.0072  0.0070  0.0070  0.0071  0.0071  0.0071  0.0071  0.0069  0.0069  0.0070  0.0069  0.0069
  0.0071  0.0070  0.0069  0.0070  0.0070  0.0070  0.0069  0.0069  0.0069  0.0069  0.0069  0.0068
  0.0071  0.0071  0.0070  0.0070  0.0070  0.0070  0.0069  0.0069  0.0069  0.0069  0.0069  0.0069
  0.0071  0.0071  0.0069  0.0070  0.0071  0.0070  0.0070  0.0069  0.0069  0.0069  0.0069  0.0069
  0.0071  0.0073  0.0070  0.0072  0.0074  0.0069  0.0071  0.0070  0.0070  0.0069  0.0069  0.0069
  0.0073  0.0074  0.0071  0.0073  0.0076  0.0070  0.0075  0.0072  0.0071  0.0070  0.0070  0.0071
niter,ni,del,rscale     1    3    5.0000    0.4000
parameters
    0.1625    3.5529   -1.0280    5.0653    4.3265    7.3283
    1.0121    1.8679    0.3724    0.8873   -2.2231   -4.9206
eta,q 0.99301  0.16266
  0.0072  0.0073  0.0070  0.0073  0.0073  0.0069  0.0075  0.0071  0.0071  0.0069  0.0069  0.0071
  0.0071  0.0071  0.0069  0.0070  0.0070  0.0068  0.0071  0.0069  0.0069  0.0068  0.0068  0.0069
  0.0070  0.0070  0.0069  0.0068  0.0069  0.0068  0.0069  0.0069  0.0069  0.0068  0.0067  0.0068
  0.0070  0.0070  0.0070  0.0068  0.0068  0.0068  0.0068  0.0068  0.0068  0.0068  0.0068  0.0068
  0.0070  0.0069  0.0069  0.0069  0.0069  0.0069  0.0069  0.0068  0.0068  0.0069  0.0068  0.0068
  0.0070  0.0070  0.0069  0.0071  0.0070  0.0069  0.0070  0.0069  0.0069  0.0070  0.0068  0.0069
  0.0072  0.0071  0.0071  0.0072  0.0073  0.0071  0.0073  0.0070  0.0070  0.0071  0.0070  0.0071
registration optimization eta report
parameter search radius
    0.8000    1.0580    0.9200    2.4000    2.4000    2.4000
    2.4000    2.4000    2.4000    2.4000    2.4000    2.4000
100000*second partial in parameter space
       37.       19.       16.        7.        8.        3.
       10.        4.        3.        3.        3.        5.
  0.0072  0.0073  0.0070  0.0073  0.0073  0.0069  0.0075  0.0071  0.0071  0.0069  0.0069  0.0071
  0.0071  0.0071  0.0069  0.0070  0.0070  0.0068  0.0071  0.0069  0.0069  0.0068  0.0068  0.0069
  0.0070  0.0070  0.0069  0.0068  0.0069  0.0068  0.0069  0.0069  0.0069  0.0068  0.0067  0.0068
  0.0070  0.0070  0.0070  0.0068  0.0068  0.0068  0.0068  0.0068  0.0068  0.0068  0.0068  0.0068
  0.0070  0.0069  0.0069  0.0069  0.0069  0.0069  0.0069  0.0068  0.0068  0.0069  0.0068  0.0068
  0.0070  0.0070  0.0069  0.0071  0.0070  0.0069  0.0070  0.0069  0.0069  0.0070  0.0068  0.0069
  0.0072  0.0071  0.0071  0.0072  0.0073  0.0071  0.0073  0.0070  0.0070  0.0071  0.0070  0.0071
    0.1625    3.5529   -1.0280    5.0653    4.3265    7.3283
    1.0121    1.8679    0.3724    0.8873   -2.2231   -4.9206
eta,q 0.99301  0.16266
