711-2V_111
Wed Jul 20 00:51:37 CDT 2005
VB15341_mpr1_g11
eta,q 0.98985 22.57360
VB15452_mpr1_g11
eta,q 0.98730 21.33039
VB15688_mpr1_g11
eta,q 0.99008 21.57080
VB15744_mpr1_g11
eta,q 0.98607 21.91192
VB15792_mpr1_g11
eta,q 0.98964 20.31366
VB15892_mpr1_g11
eta,q 0.98949 21.67960
VB16110_mpr1_g11
eta,q 0.99069 21.50163
VB16283_mpr1_g11
eta,q 0.98898 22.22881
VB16348_mpr1_g11
eta,q 0.98476 21.72318
VB16350_mpr1_g11
eta,q 0.99100 21.63291
VB16539_mpr1_g11
eta,q 0.98997 23.20578
drum33_mpr1_g11
eta,q 0.98858 22.46043
recall_pilot2_mpr1_g11
eta,q 0.98765 20.39860
recog_pilot3_mpr1_g11
eta,q 0.98731 20.28036
recog_pilot4_mpr1_g11
eta,q 0.98905 20.33845
recog_pilot5_mpr1_g11
eta,q 0.98282  1.00829
